{"name":"getSearch","status":"broken","statusDetails":{"known":false,"muted":false,"flaky":false,"message":"java.lang.reflect.InvocationTargetException\nBuild info: version: '4.0.0-beta-4', revision: '29f46d02dd'\nSystem info: host: 'SATHWIKA', ip: '192.168.29.101', os.name: 'Windows 10', os.arch: 'amd64', os.version: '10.0', java.version: '11.0.10'\nDriver info: org.openqa.selenium.chrome.ChromeDriver\nCommand: [29af1b522bb16e7489fa41d90c4852d8, actions {actions=[org.openqa.selenium.interactions.Sequence@9c1011a]}]\nCapabilities {acceptInsecureCerts: false, browserName: chrome, browserVersion: 92.0.4515.107, chrome: {chromedriverVersion: 92.0.4515.107 (87a818b10553..., userDataDir: C:\\Users\\gopir\\AppData\\Loca...}, goog:chromeOptions: {debuggerAddress: localhost:58304}, javascriptEnabled: true, networkConnectionEnabled: false, pageLoadStrategy: normal, platform: WINDOWS, platformName: WINDOWS, proxy: Proxy(), se:cdp: ws://localhost:58304/devtoo..., se:cdpVersion: 92.0.4515.107, setWindowRect: true, strictFileInteractability: false, timeouts: {implicit: 0, pageLoad: 300000, script: 30000}, unhandledPromptBehavior: dismiss and notify, webauthn:extension:credBlob: true, webauthn:extension:largeBlob: true, webauthn:virtualAuthenticators: true}\nSession ID: 29af1b522bb16e7489fa41d90c4852d8","trace":"org.openqa.selenium.json.JsonException: java.lang.reflect.InvocationTargetException\nBuild info: version: '4.0.0-beta-4', revision: '29f46d02dd'\nSystem info: host: 'SATHWIKA', ip: '192.168.29.101', os.name: 'Windows 10', os.arch: 'amd64', os.version: '10.0', java.version: '11.0.10'\nDriver info: org.openqa.selenium.chrome.ChromeDriver\nCommand: [29af1b522bb16e7489fa41d90c4852d8, actions {actions=[org.openqa.selenium.interactions.Sequence@9c1011a]}]\nCapabilities {acceptInsecureCerts: false, browserName: chrome, browserVersion: 92.0.4515.107, chrome: {chromedriverVersion: 92.0.4515.107 (87a818b10553..., userDataDir: C:\\Users\\gopir\\AppData\\Loca...}, goog:chromeOptions: {debuggerAddress: localhost:58304}, javascriptEnabled: true, networkConnectionEnabled: false, pageLoadStrategy: normal, platform: WINDOWS, platformName: WINDOWS, proxy: Proxy(), se:cdp: ws://localhost:58304/devtoo..., se:cdpVersion: 92.0.4515.107, setWindowRect: true, strictFileInteractability: false, timeouts: {implicit: 0, pageLoad: 300000, script: 30000}, unhandledPromptBehavior: dismiss and notify, webauthn:extension:credBlob: true, webauthn:extension:largeBlob: true, webauthn:virtualAuthenticators: true}\nSession ID: 29af1b522bb16e7489fa41d90c4852d8\r\n\tat org.openqa.selenium.json.JsonOutput.convertUsingMethod(JsonOutput.java:362)\r\n\tat org.openqa.selenium.json.JsonOutput.lambda$new$16(JsonOutput.java:154)\r\n\tat org.openqa.selenium.json.JsonOutput.write(JsonOutput.java:287)\r\n\tat org.openqa.selenium.json.JsonOutput.lambda$new$22(JsonOutput.java:169)\r\n\tat java.base/java.util.stream.ForEachOps$ForEachOp$OfRef.accept(ForEachOps.java:183)\r\n\tat java.base/java.util.stream.ReferencePipeline$2$1.accept(ReferencePipeline.java:177)\r\n\tat java.base/java.util.Iterator.forEachRemaining(Iterator.java:133)\r\n\tat java.base/java.util.Spliterators$IteratorSpliterator.forEachRemaining(Spliterators.java:1801)\r\n\tat java.base/java.util.stream.AbstractPipeline.copyInto(AbstractPipeline.java:484)\r\n\tat java.base/java.util.stream.AbstractPipeline.wrapAndCopyInto(AbstractPipeline.java:474)\r\n\tat java.base/java.util.stream.ForEachOps$ForEachOp.evaluateSequential(ForEachOps.java:150)\r\n\tat java.base/java.util.stream.ForEachOps$ForEachOp$OfRef.evaluateSequential(ForEachOps.java:173)\r\n\tat java.base/java.util.stream.AbstractPipeline.evaluate(AbstractPipeline.java:234)\r\n\tat java.base/java.util.stream.ReferencePipeline.forEach(ReferencePipeline.java:497)\r\n\tat org.openqa.selenium.json.JsonOutput.lambda$new$23(JsonOutput.java:169)\r\n\tat org.openqa.selenium.json.JsonOutput.write(JsonOutput.java:287)\r\n\tat org.openqa.selenium.json.JsonOutput.lambda$new$24(JsonOutput.java:182)\r\n\tat com.google.common.collect.SingletonImmutableBiMap.forEach(SingletonImmutableBiMap.java:66)\r\n\tat org.openqa.selenium.json.JsonOutput.lambda$new$25(JsonOutput.java:177)\r\n\tat org.openqa.selenium.json.JsonOutput.write(JsonOutput.java:287)\r\n\tat org.openqa.selenium.json.JsonOutput.write(JsonOutput.java:278)\r\n\tat org.openqa.selenium.json.Json.toJson(Json.java:42)\r\n\tat org.openqa.selenium.remote.codec.AbstractHttpCommandCodec.encode(AbstractHttpCommandCodec.java:253)\r\n\tat org.openqa.selenium.remote.codec.AbstractHttpCommandCodec.encode(AbstractHttpCommandCodec.java:127)\r\n\tat org.openqa.selenium.remote.HttpCommandExecutor.execute(HttpCommandExecutor.java:172)\r\n\tat org.openqa.selenium.remote.service.DriverCommandExecutor.invokeExecute(DriverCommandExecutor.java:162)\r\n\tat org.openqa.selenium.remote.service.DriverCommandExecutor.execute(DriverCommandExecutor.java:137)\r\n\tat org.openqa.selenium.remote.RemoteWebDriver.execute(RemoteWebDriver.java:612)\r\n\tat org.openqa.selenium.remote.RemoteWebDriver.perform(RemoteWebDriver.java:680)\r\n\tat org.openqa.selenium.interactions.Actions$BuiltAction.perform(Actions.java:617)\r\n\tat com.bridgelabz.pages.Search.setInput(Search.java:39)\r\n\tat com.bridgelabz.test.SearchTest.getSearch(SearchTest.java:13)\r\n\tat java.base/jdk.internal.reflect.NativeMethodAccessorImpl.invoke0(Native Method)\r\n\tat java.base/jdk.internal.reflect.NativeMethodAccessorImpl.invoke(NativeMethodAccessorImpl.java:62)\r\n\tat java.base/jdk.internal.reflect.DelegatingMethodAccessorImpl.invoke(DelegatingMethodAccessorImpl.java:43)\r\n\tat java.base/java.lang.reflect.Method.invoke(Method.java:566)\r\n\tat org.testng.internal.MethodInvocationHelper.invokeMethod(MethodInvocationHelper.java:132)\r\n\tat org.testng.internal.TestInvoker.invokeMethod(TestInvoker.java:599)\r\n\tat org.testng.internal.TestInvoker.invokeTestMethod(TestInvoker.java:174)\r\n\tat org.testng.internal.MethodRunner.runInSequence(MethodRunner.java:46)\r\n\tat org.testng.internal.TestInvoker$MethodInvocationAgent.invoke(TestInvoker.java:822)\r\n\tat org.testng.internal.TestInvoker.invokeTestMethods(TestInvoker.java:147)\r\n\tat org.testng.internal.TestMethodWorker.invokeTestMethods(TestMethodWorker.java:146)\r\n\tat org.testng.internal.TestMethodWorker.run(TestMethodWorker.java:128)\r\n\tat java.base/java.util.ArrayList.forEach(ArrayList.java:1541)\r\n\tat org.testng.TestRunner.privateRun(TestRunner.java:764)\r\n\tat org.testng.TestRunner.run(TestRunner.java:585)\r\n\tat org.testng.SuiteRunner.runTest(SuiteRunner.java:384)\r\n\tat org.testng.SuiteRunner.runSequentially(SuiteRunner.java:378)\r\n\tat org.testng.SuiteRunner.privateRun(SuiteRunner.java:337)\r\n\tat org.testng.SuiteRunner.run(SuiteRunner.java:286)\r\n\tat org.testng.SuiteRunnerWorker.runSuite(SuiteRunnerWorker.java:53)\r\n\tat org.testng.SuiteRunnerWorker.run(SuiteRunnerWorker.java:96)\r\n\tat org.testng.TestNG.runSuitesSequentially(TestNG.java:1218)\r\n\tat org.testng.TestNG.runSuitesLocally(TestNG.java:1140)\r\n\tat org.testng.TestNG.runSuites(TestNG.java:1069)\r\n\tat org.testng.TestNG.run(TestNG.java:1037)\r\n\tat org.gradle.api.internal.tasks.testing.testng.TestNGTestClassProcessor.runTests(TestNGTestClassProcessor.java:141)\r\n\tat org.gradle.api.internal.tasks.testing.testng.TestNGTestClassProcessor.stop(TestNGTestClassProcessor.java:90)\r\n\tat org.gradle.api.internal.tasks.testing.SuiteTestClassProcessor.stop(SuiteTestClassProcessor.java:61)\r\n\tat java.base/jdk.internal.reflect.NativeMethodAccessorImpl.invoke0(Native Method)\r\n\tat java.base/jdk.internal.reflect.NativeMethodAccessorImpl.invoke(NativeMethodAccessorImpl.java:62)\r\n\tat java.base/jdk.internal.reflect.DelegatingMethodAccessorImpl.invoke(DelegatingMethodAccessorImpl.java:43)\r\n\tat java.base/java.lang.reflect.Method.invoke(Method.java:566)\r\n\tat org.gradle.internal.dispatch.ReflectionDispatch.dispatch(ReflectionDispatch.java:36)\r\n\tat org.gradle.internal.dispatch.ReflectionDispatch.dispatch(ReflectionDispatch.java:24)\r\n\tat org.gradle.internal.dispatch.ContextClassLoaderDispatch.dispatch(ContextClassLoaderDispatch.java:33)\r\n\tat org.gradle.internal.dispatch.ProxyDispatchAdapter$DispatchingInvocationHandler.invoke(ProxyDispatchAdapter.java:94)\r\n\tat com.sun.proxy.$Proxy2.stop(Unknown Source)\r\n\tat org.gradle.api.internal.tasks.testing.worker.TestWorker.stop(TestWorker.java:133)\r\n\tat java.base/jdk.internal.reflect.NativeMethodAccessorImpl.invoke0(Native Method)\r\n\tat java.base/jdk.internal.reflect.NativeMethodAccessorImpl.invoke(NativeMethodAccessorImpl.java:62)\r\n\tat java.base/jdk.internal.reflect.DelegatingMethodAccessorImpl.invoke(DelegatingMethodAccessorImpl.java:43)\r\n\tat java.base/java.lang.reflect.Method.invoke(Method.java:566)\r\n\tat org.gradle.internal.dispatch.ReflectionDispatch.dispatch(ReflectionDispatch.java:36)\r\n\tat org.gradle.internal.dispatch.ReflectionDispatch.dispatch(ReflectionDispatch.java:24)\r\n\tat org.gradle.internal.remote.internal.hub.MessageHubBackedObjectConnection$DispatchWrapper.dispatch(MessageHubBackedObjectConnection.java:182)\r\n\tat org.gradle.internal.remote.internal.hub.MessageHubBackedObjectConnection$DispatchWrapper.dispatch(MessageHubBackedObjectConnection.java:164)\r\n\tat org.gradle.internal.remote.internal.hub.MessageHub$Handler.run(MessageHub.java:414)\r\n\tat org.gradle.internal.concurrent.ExecutorPolicy$CatchAndRecordFailures.onExecute(ExecutorPolicy.java:64)\r\n\tat org.gradle.internal.concurrent.ManagedExecutorImpl$1.run(ManagedExecutorImpl.java:48)\r\n\tat java.base/java.util.concurrent.ThreadPoolExecutor.runWorker(ThreadPoolExecutor.java:1128)\r\n\tat java.base/java.util.concurrent.ThreadPoolExecutor$Worker.run(ThreadPoolExecutor.java:628)\r\n\tat org.gradle.internal.concurrent.ThreadFactoryImpl$ManagedThreadRunnable.run(ThreadFactoryImpl.java:56)\r\n\tat java.base/java.lang.Thread.run(Thread.java:834)\r\n\tSuppressed: org.openqa.selenium.json.JsonException: Attempting to close incomplete json stream\nBuild info: version: '4.0.0-beta-4', revision: '29f46d02dd'\nSystem info: host: 'SATHWIKA', ip: '192.168.29.101', os.name: 'Windows 10', os.arch: 'amd64', os.version: '10.0', java.version: '11.0.10'\nDriver info: driver.version: RemoteWebDriver\r\n\t\tat org.openqa.selenium.json.JsonOutput.close(JsonOutput.java:303)\r\n\t\tat org.openqa.selenium.json.Json.toJson(Json.java:40)\r\n\t\t... 63 more\r\nCaused by: java.lang.reflect.InvocationTargetException\r\n\tat java.base/jdk.internal.reflect.NativeMethodAccessorImpl.invoke0(Native Method)\r\n\tat java.base/jdk.internal.reflect.NativeMethodAccessorImpl.invoke(NativeMethodAccessorImpl.java:62)\r\n\tat java.base/jdk.internal.reflect.DelegatingMethodAccessorImpl.invoke(DelegatingMethodAccessorImpl.java:43)\r\n\tat java.base/java.lang.reflect.Method.invoke(Method.java:566)\r\n\tat org.openqa.selenium.json.JsonOutput.convertUsingMethod(JsonOutput.java:358)\r\n\t... 84 more\r\nCaused by: org.openqa.selenium.NoSuchElementException: no such element: Unable to locate element: {\"method\":\"xpath\",\"selector\":\"//*[@id=\"main-content\"]/div/div/div[10]/button\"}\n  (Session info: chrome=92.0.4515.107)\nFor documentation on this error, please visit: https://selenium.dev/exceptions/#no_such_element\nBuild info: version: '4.0.0-beta-4', revision: '29f46d02dd'\nSystem info: host: 'SATHWIKA', ip: '192.168.29.101', os.name: 'Windows 10', os.arch: 'amd64', os.version: '10.0', java.version: '11.0.10'\nDriver info: org.openqa.selenium.chrome.ChromeDriver\nCommand: [29af1b522bb16e7489fa41d90c4852d8, findElement {using=xpath, value=//*[@id=\"main-content\"]/div/div/div[10]/button}]\nCapabilities {acceptInsecureCerts: false, browserName: chrome, browserVersion: 92.0.4515.107, chrome: {chromedriverVersion: 92.0.4515.107 (87a818b10553..., userDataDir: C:\\Users\\gopir\\AppData\\Loca...}, goog:chromeOptions: {debuggerAddress: localhost:58304}, javascriptEnabled: true, networkConnectionEnabled: false, pageLoadStrategy: normal, platform: WINDOWS, platformName: WINDOWS, proxy: Proxy(), se:cdp: ws://localhost:58304/devtoo..., se:cdpVersion: 92.0.4515.107, setWindowRect: true, strictFileInteractability: false, timeouts: {implicit: 0, pageLoad: 300000, script: 30000}, unhandledPromptBehavior: dismiss and notify, webauthn:extension:credBlob: true, webauthn:extension:largeBlob: true, webauthn:virtualAuthenticators: true}\nSession ID: 29af1b522bb16e7489fa41d90c4852d8\r\n\tat java.base/jdk.internal.reflect.NativeConstructorAccessorImpl.newInstance0(Native Method)\r\n\tat java.base/jdk.internal.reflect.NativeConstructorAccessorImpl.newInstance(NativeConstructorAccessorImpl.java:62)\r\n\tat java.base/jdk.internal.reflect.DelegatingConstructorAccessorImpl.newInstance(DelegatingConstructorAccessorImpl.java:45)\r\n\tat java.base/java.lang.reflect.Constructor.newInstance(Constructor.java:490)\r\n\tat org.openqa.selenium.remote.codec.w3c.W3CHttpResponseCodec.createException(W3CHttpResponseCodec.java:200)\r\n\tat org.openqa.selenium.remote.codec.w3c.W3CHttpResponseCodec.decode(W3CHttpResponseCodec.java:133)\r\n\tat org.openqa.selenium.remote.codec.w3c.W3CHttpResponseCodec.decode(W3CHttpResponseCodec.java:53)\r\n\tat org.openqa.selenium.remote.HttpCommandExecutor.execute(HttpCommandExecutor.java:184)\r\n\tat org.openqa.selenium.remote.service.DriverCommandExecutor.invokeExecute(DriverCommandExecutor.java:162)\r\n\tat org.openqa.selenium.remote.service.DriverCommandExecutor.execute(DriverCommandExecutor.java:137)\r\n\tat org.openqa.selenium.remote.RemoteWebDriver.execute(RemoteWebDriver.java:612)\r\n\tat org.openqa.selenium.remote.RemoteWebDriver$Mechanism$2.findElement(RemoteWebDriver.java:1251)\r\n\tat org.openqa.selenium.remote.RemoteWebDriver.findElement(RemoteWebDriver.java:379)\r\n\tat org.openqa.selenium.remote.RemoteWebDriver.findElement(RemoteWebDriver.java:373)\r\n\tat org.openqa.selenium.support.pagefactory.DefaultElementLocator.findElement(DefaultElementLocator.java:70)\r\n\tat org.openqa.selenium.support.pagefactory.internal.LocatingElementHandler.invoke(LocatingElementHandler.java:39)\r\n\tat com.sun.proxy.$Proxy20.getWrappedElement(Unknown Source)\r\n\tat org.openqa.selenium.interactions.PointerInput$Origin.asArg(PointerInput.java:201)\r\n\tat org.openqa.selenium.interactions.PointerInput$Move.encode(PointerInput.java:152)\r\n\tat org.openqa.selenium.interactions.Sequence.encode(Sequence.java:73)\r\n\tat org.openqa.selenium.interactions.Sequence.toJson(Sequence.java:82)\r\n\t... 89 more\r\n"},"stage":"finished","steps":[],"attachments":[],"parameters":[],"start":1627660409363,"stop":1627660414877,"uuid":"beb1113e-4551-4447-ae1b-a4a721f7fc60","historyId":"c847bacd74db376369867c0796ebc033","fullName":"com.bridgelabz.test.SearchTest.getSearch","labels":[{"name":"package","value":"com.bridgelabz.test.SearchTest"},{"name":"testClass","value":"com.bridgelabz.test.SearchTest"},{"name":"testMethod","value":"getSearch"},{"name":"parentSuite","value":"Gradle suite"},{"name":"suite","value":"Gradle test"},{"name":"subSuite","value":"com.bridgelabz.test.SearchTest"},{"name":"host","value":"SATHWIKA"},{"name":"thread","value":"6684@SATHWIKA.Test worker(13)"},{"name":"framework","value":"testng"},{"name":"language","value":"java"}],"links":[]}